Determining if the include file sys/endian.h exists failed with the following output:
Change Dir: /home/huang/server_core/mobaserver/moba_server_core/include/snappy/CMakeFiles/CMakeTmp

Run Build Command:"/usr/bin/gmake" "cmTC_74f71/fast"
/usr/bin/gmake -f CMakeFiles/cmTC_74f71.dir/build.make CMakeFiles/cmTC_74f71.dir/build
gmake[1]: 进入目录“/home/huang/server_core/mobaserver/moba_server_core/include/snappy/CMakeFiles/CMakeTmp”
Building C object CMakeFiles/cmTC_74f71.dir/CheckIncludeFile.c.o
/usr/bin/cc    -o CMakeFiles/cmTC_74f71.dir/CheckIncludeFile.c.o   -c /home/huang/server_core/mobaserver/moba_server_core/include/snappy/CMakeFiles/CMakeTmp/CheckIncludeFile.c
/home/huang/server_core/mobaserver/moba_server_core/include/snappy/CMakeFiles/CMakeTmp/CheckIncludeFile.c:1:24: 致命错误：sys/endian.h：没有那个文件或目录
 #include <sys/endian.h>
                        ^
编译中断。
gmake[1]: *** [CMakeFiles/cmTC_74f71.dir/CheckIncludeFile.c.o] 错误 1
gmake[1]: 离开目录“/home/huang/server_core/mobaserver/moba_server_core/include/snappy/CMakeFiles/CMakeTmp”
gmake: *** [cmTC_74f71/fast] 错误 2


Determining if the include file windows.h exists failed with the following output:
Change Dir: /home/huang/server_core/mobaserver/moba_server_core/include/snappy/CMakeFiles/CMakeTmp

Run Build Command:"/usr/bin/gmake" "cmTC_cbd90/fast"
/usr/bin/gmake -f CMakeFiles/cmTC_cbd90.dir/build.make CMakeFiles/cmTC_cbd90.dir/build
gmake[1]: 进入目录“/home/huang/server_core/mobaserver/moba_server_core/include/snappy/CMakeFiles/CMakeTmp”
Building C object CMakeFiles/cmTC_cbd90.dir/CheckIncludeFile.c.o
/usr/bin/cc    -o CMakeFiles/cmTC_cbd90.dir/CheckIncludeFile.c.o   -c /home/huang/server_core/mobaserver/moba_server_core/include/snappy/CMakeFiles/CMakeTmp/CheckIncludeFile.c
/home/huang/server_core/mobaserver/moba_server_core/include/snappy/CMakeFiles/CMakeTmp/CheckIncludeFile.c:1:21: 致命错误：windows.h：没有那个文件或目录
 #include <windows.h>
                     ^
编译中断。
gmake[1]: *** [CMakeFiles/cmTC_cbd90.dir/CheckIncludeFile.c.o] 错误 1
gmake[1]: 离开目录“/home/huang/server_core/mobaserver/moba_server_core/include/snappy/CMakeFiles/CMakeTmp”
gmake: *** [cmTC_cbd90/fast] 错误 2


Determining if the function zlibVersion exists in the z failed with the following output:
Change Dir: /home/huang/server_core/mobaserver/moba_server_core/include/snappy/CMakeFiles/CMakeTmp

Run Build Command:"/usr/bin/gmake" "cmTC_0e475/fast"
/usr/bin/gmake -f CMakeFiles/cmTC_0e475.dir/build.make CMakeFiles/cmTC_0e475.dir/build
gmake[1]: 进入目录“/home/huang/server_core/mobaserver/moba_server_core/include/snappy/CMakeFiles/CMakeTmp”
Building C object CMakeFiles/cmTC_0e475.dir/CheckFunctionExists.c.o
/usr/bin/cc   -DCHECK_FUNCTION_EXISTS=zlibVersion   -o CMakeFiles/cmTC_0e475.dir/CheckFunctionExists.c.o   -c /usr/local/share/cmake-3.12/Modules/CheckFunctionExists.c
Linking C executable cmTC_0e475
/usr/local/bin/cmake -E cmake_link_script CMakeFiles/cmTC_0e475.dir/link.txt --verbose=1
/usr/bin/cc  -DCHECK_FUNCTION_EXISTS=zlibVersion    -rdynamic CMakeFiles/cmTC_0e475.dir/CheckFunctionExists.c.o  -o cmTC_0e475 -lz 
/usr/bin/ld: cannot find -lz
collect2: 错误：ld 返回 1
gmake[1]: *** [cmTC_0e475] 错误 1
gmake[1]: 离开目录“/home/huang/server_core/mobaserver/moba_server_core/include/snappy/CMakeFiles/CMakeTmp”
gmake: *** [cmTC_0e475/fast] 错误 2


Determining if the function lzo1x_1_15_compress exists in the lzo2 failed with the following output:
Change Dir: /home/huang/server_core/mobaserver/moba_server_core/include/snappy/CMakeFiles/CMakeTmp

Run Build Command:"/usr/bin/gmake" "cmTC_47619/fast"
/usr/bin/gmake -f CMakeFiles/cmTC_47619.dir/build.make CMakeFiles/cmTC_47619.dir/build
gmake[1]: 进入目录“/home/huang/server_core/mobaserver/moba_server_core/include/snappy/CMakeFiles/CMakeTmp”
Building C object CMakeFiles/cmTC_47619.dir/CheckFunctionExists.c.o
/usr/bin/cc   -DCHECK_FUNCTION_EXISTS=lzo1x_1_15_compress   -o CMakeFiles/cmTC_47619.dir/CheckFunctionExists.c.o   -c /usr/local/share/cmake-3.12/Modules/CheckFunctionExists.c
Linking C executable cmTC_47619
/usr/local/bin/cmake -E cmake_link_script CMakeFiles/cmTC_47619.dir/link.txt --verbose=1
/usr/bin/cc  -DCHECK_FUNCTION_EXISTS=lzo1x_1_15_compress    -rdynamic CMakeFiles/cmTC_47619.dir/CheckFunctionExists.c.o  -o cmTC_47619 -llzo2 
/usr/bin/ld: cannot find -llzo2
collect2: 错误：ld 返回 1
gmake[1]: *** [cmTC_47619] 错误 1
gmake[1]: 离开目录“/home/huang/server_core/mobaserver/moba_server_core/include/snappy/CMakeFiles/CMakeTmp”
gmake: *** [cmTC_47619/fast] 错误 2


Performing C++ SOURCE FILE Test HAVE_VISUAL_STUDIO_ARCH_AVX failed with the following output:
Change Dir: /home/huang/server_core/mobaserver/moba_server_core/include/snappy/CMakeFiles/CMakeTmp

Run Build Command:"/usr/bin/gmake" "cmTC_b6687/fast"
/usr/bin/gmake -f CMakeFiles/cmTC_b6687.dir/build.make CMakeFiles/cmTC_b6687.dir/build
gmake[1]: Entering directory `/home/huang/server_core/mobaserver/moba_server_core/include/snappy/CMakeFiles/CMakeTmp'
Building CXX object CMakeFiles/cmTC_b6687.dir/src.cxx.o
/usr/bin/c++    -DHAVE_VISUAL_STUDIO_ARCH_AVX   /arch:AVX -o CMakeFiles/cmTC_b6687.dir/src.cxx.o -c /home/huang/server_core/mobaserver/moba_server_core/include/snappy/CMakeFiles/CMakeTmp/src.cxx
c++: error: /arch:AVX: No such file or directory
gmake[1]: *** [CMakeFiles/cmTC_b6687.dir/src.cxx.o] Error 1
gmake[1]: Leaving directory `/home/huang/server_core/mobaserver/moba_server_core/include/snappy/CMakeFiles/CMakeTmp'
gmake: *** [cmTC_b6687/fast] Error 2

Source file was:
int main() { return 0; }
Performing C++ SOURCE FILE Test SNAPPY_HAVE_SSSE3 failed with the following output:
Change Dir: /home/huang/server_core/mobaserver/moba_server_core/include/snappy/CMakeFiles/CMakeTmp

Run Build Command:"/usr/bin/gmake" "cmTC_53f59/fast"
/usr/bin/gmake -f CMakeFiles/cmTC_53f59.dir/build.make CMakeFiles/cmTC_53f59.dir/build
gmake[1]: 进入目录“/home/huang/server_core/mobaserver/moba_server_core/include/snappy/CMakeFiles/CMakeTmp”
Building CXX object CMakeFiles/cmTC_53f59.dir/src.cxx.o
/usr/bin/c++    -DSNAPPY_HAVE_SSSE3   -o CMakeFiles/cmTC_53f59.dir/src.cxx.o -c /home/huang/server_core/mobaserver/moba_server_core/include/snappy/CMakeFiles/CMakeTmp/src.cxx
In file included from /home/huang/server_core/mobaserver/moba_server_core/include/snappy/CMakeFiles/CMakeTmp/src.cxx:2:0:
/usr/lib/gcc/x86_64-redhat-linux/4.8.5/include/tmmintrin.h:31:3: 错误：#error "SSSE3 instruction set not enabled"
 # error "SSSE3 instruction set not enabled"
   ^
/home/huang/server_core/mobaserver/moba_server_core/include/snappy/CMakeFiles/CMakeTmp/src.cxx: 在函数‘int main()’中:
/home/huang/server_core/mobaserver/moba_server_core/include/snappy/CMakeFiles/CMakeTmp/src.cxx:5:9: 错误：‘__m128i’不是一个类型名
   const __m128i *src = 0;
         ^
/home/huang/server_core/mobaserver/moba_server_core/include/snappy/CMakeFiles/CMakeTmp/src.cxx:6:3: 错误：‘__m128i’在此作用域中尚未声明
   __m128i dest;
   ^
/home/huang/server_core/mobaserver/moba_server_core/include/snappy/CMakeFiles/CMakeTmp/src.cxx:6:11: 错误：expected ‘;’ before ‘dest’
   __m128i dest;
           ^
/home/huang/server_core/mobaserver/moba_server_core/include/snappy/CMakeFiles/CMakeTmp/src.cxx:7:9: 错误：‘__m128i’不是一个类型名
   const __m128i shuffle_mask = _mm_load_si128(src);
         ^
/home/huang/server_core/mobaserver/moba_server_core/include/snappy/CMakeFiles/CMakeTmp/src.cxx:8:9: 错误：‘__m128i’不是一个类型名
   const __m128i pattern = _mm_shuffle_epi8(_mm_loadl_epi64(src), shuffle_mask);
         ^
/home/huang/server_core/mobaserver/moba_server_core/include/snappy/CMakeFiles/CMakeTmp/src.cxx:9:21: 错误：‘dest’在此作用域中尚未声明
   _mm_storeu_si128(&dest, pattern);
                     ^
/home/huang/server_core/mobaserver/moba_server_core/include/snappy/CMakeFiles/CMakeTmp/src.cxx:9:27: 错误：‘pattern’在此作用域中尚未声明
   _mm_storeu_si128(&dest, pattern);
                           ^
/home/huang/server_core/mobaserver/moba_server_core/include/snappy/CMakeFiles/CMakeTmp/src.cxx:9:34: 错误：‘_mm_storeu_si128’在此作用域中尚未声明
   _mm_storeu_si128(&dest, pattern);
                                  ^
gmake[1]: *** [CMakeFiles/cmTC_53f59.dir/src.cxx.o] 错误 1
gmake[1]: 离开目录“/home/huang/server_core/mobaserver/moba_server_core/include/snappy/CMakeFiles/CMakeTmp”
gmake: *** [cmTC_53f59/fast] 错误 2

Source file was:

#include <tmmintrin.h>

int main() {
  const __m128i *src = 0;
  __m128i dest;
  const __m128i shuffle_mask = _mm_load_si128(src);
  const __m128i pattern = _mm_shuffle_epi8(_mm_loadl_epi64(src), shuffle_mask);
  _mm_storeu_si128(&dest, pattern);
  return 0;
}
