The system is: Linux - 3.10.0-693.el7.x86_64 - x86_64
Compiling the C compiler identification source file "CMakeCCompilerId.c" succeeded.
Compiler: /usr/bin/cc 
Build flags: 
Id flags:  

The output was:
0


Compilation of the C compiler identification source "CMakeCCompilerId.c" produced "a.out"

The C compiler identification is GNU, found in "/home/huang/server_core/mobaserver/moba_server_core/include/snappy/CMakeFiles/3.12.1/CompilerIdC/a.out"

Compiling the CXX compiler identification source file "CMakeCXXCompilerId.cpp" succeeded.
Compiler: /usr/bin/c++ 
Build flags: 
Id flags:  

The output was:
0


Compilation of the CXX compiler identification source "CMakeCXXCompilerId.cpp" produced "a.out"

The CXX compiler identification is GNU, found in "/home/huang/server_core/mobaserver/moba_server_core/include/snappy/CMakeFiles/3.12.1/CompilerIdCXX/a.out"

Determining if the C compiler works passed with the following output:
Change Dir: /home/huang/server_core/mobaserver/moba_server_core/include/snappy/CMakeFiles/CMakeTmp

Run Build Command:"/usr/bin/gmake" "cmTC_cea1d/fast"
/usr/bin/gmake -f CMakeFiles/cmTC_cea1d.dir/build.make CMakeFiles/cmTC_cea1d.dir/build
gmake[1]: 进入目录“/home/huang/server_core/mobaserver/moba_server_core/include/snappy/CMakeFiles/CMakeTmp”
Building C object CMakeFiles/cmTC_cea1d.dir/testCCompiler.c.o
/usr/bin/cc    -o CMakeFiles/cmTC_cea1d.dir/testCCompiler.c.o   -c /home/huang/server_core/mobaserver/moba_server_core/include/snappy/CMakeFiles/CMakeTmp/testCCompiler.c
Linking C executable cmTC_cea1d
/usr/local/bin/cmake -E cmake_link_script CMakeFiles/cmTC_cea1d.dir/link.txt --verbose=1
/usr/bin/cc      -rdynamic CMakeFiles/cmTC_cea1d.dir/testCCompiler.c.o  -o cmTC_cea1d 
gmake[1]: 离开目录“/home/huang/server_core/mobaserver/moba_server_core/include/snappy/CMakeFiles/CMakeTmp”


Detecting C compiler ABI info compiled with the following output:
Change Dir: /home/huang/server_core/mobaserver/moba_server_core/include/snappy/CMakeFiles/CMakeTmp

Run Build Command:"/usr/bin/gmake" "cmTC_29bb3/fast"
/usr/bin/gmake -f CMakeFiles/cmTC_29bb3.dir/build.make CMakeFiles/cmTC_29bb3.dir/build
gmake[1]: 进入目录“/home/huang/server_core/mobaserver/moba_server_core/include/snappy/CMakeFiles/CMakeTmp”
Building C object CMakeFiles/cmTC_29bb3.dir/CMakeCCompilerABI.c.o
/usr/bin/cc    -o CMakeFiles/cmTC_29bb3.dir/CMakeCCompilerABI.c.o   -c /usr/local/share/cmake-3.12/Modules/CMakeCCompilerABI.c
Linking C executable cmTC_29bb3
/usr/local/bin/cmake -E cmake_link_script CMakeFiles/cmTC_29bb3.dir/link.txt --verbose=1
/usr/bin/cc     -v -rdynamic CMakeFiles/cmTC_29bb3.dir/CMakeCCompilerABI.c.o  -o cmTC_29bb3 
使用内建 specs。
COLLECT_GCC=/usr/bin/cc
COLLECT_LTO_WRAPPER=/usr/libexec/gcc/x86_64-redhat-linux/4.8.5/lto-wrapper
目标：x86_64-redhat-linux
配置为：../configure --prefix=/usr --mandir=/usr/share/man --infodir=/usr/share/info --with-bugurl=http://bugzilla.redhat.com/bugzilla --enable-bootstrap --enable-shared --enable-threads=posix --enable-checking=release --with-system-zlib --enable-__cxa_atexit --disable-libunwind-exceptions --enable-gnu-unique-object --enable-linker-build-id --with-linker-hash-style=gnu --enable-languages=c,c++,objc,obj-c++,java,fortran,ada,go,lto --enable-plugin --enable-initfini-array --disable-libgcj --with-isl=/builddir/build/BUILD/gcc-4.8.5-20150702/obj-x86_64-redhat-linux/isl-install --with-cloog=/builddir/build/BUILD/gcc-4.8.5-20150702/obj-x86_64-redhat-linux/cloog-install --enable-gnu-indirect-function --with-tune=generic --with-arch_32=x86-64 --build=x86_64-redhat-linux
线程模型：posix
gcc 版本 4.8.5 20150623 (Red Hat 4.8.5-28) (GCC) 
COMPILER_PATH=/usr/libexec/gcc/x86_64-redhat-linux/4.8.5/:/usr/libexec/gcc/x86_64-redhat-linux/4.8.5/:/usr/libexec/gcc/x86_64-redhat-linux/:/usr/lib/gcc/x86_64-redhat-linux/4.8.5/:/usr/lib/gcc/x86_64-redhat-linux/
LIBRARY_PATH=/usr/lib/gcc/x86_64-redhat-linux/4.8.5/:/usr/lib/gcc/x86_64-redhat-linux/4.8.5/../../../../lib64/:/lib/../lib64/:/usr/lib/../lib64/:/usr/lib/gcc/x86_64-redhat-linux/4.8.5/../../../:/lib/:/usr/lib/
COLLECT_GCC_OPTIONS='-v' '-rdynamic' '-o' 'cmTC_29bb3' '-mtune=generic' '-march=x86-64'
 /usr/libexec/gcc/x86_64-redhat-linux/4.8.5/collect2 --build-id --no-add-needed --eh-frame-hdr --hash-style=gnu -m elf_x86_64 -export-dynamic -dynamic-linker /lib64/ld-linux-x86-64.so.2 -o cmTC_29bb3 /usr/lib/gcc/x86_64-redhat-linux/4.8.5/../../../../lib64/crt1.o /usr/lib/gcc/x86_64-redhat-linux/4.8.5/../../../../lib64/crti.o /usr/lib/gcc/x86_64-redhat-linux/4.8.5/crtbegin.o -L/usr/lib/gcc/x86_64-redhat-linux/4.8.5 -L/usr/lib/gcc/x86_64-redhat-linux/4.8.5/../../../../lib64 -L/lib/../lib64 -L/usr/lib/../lib64 -L/usr/lib/gcc/x86_64-redhat-linux/4.8.5/../../.. CMakeFiles/cmTC_29bb3.dir/CMakeCCompilerABI.c.o -lgcc --as-needed -lgcc_s --no-as-needed -lc -lgcc --as-needed -lgcc_s --no-as-needed /usr/lib/gcc/x86_64-redhat-linux/4.8.5/crtend.o /usr/lib/gcc/x86_64-redhat-linux/4.8.5/../../../../lib64/crtn.o
gmake[1]: 离开目录“/home/huang/server_core/mobaserver/moba_server_core/include/snappy/CMakeFiles/CMakeTmp”


Parsed C implicit link information from above output:
  link line regex: [^( *|.*[/\])(ld|CMAKE_LINK_STARTFILE-NOTFOUND|([^/\]+-)?ld|collect2)[^/\]*( |$)]
  ignore line: [Change Dir: /home/huang/server_core/mobaserver/moba_server_core/include/snappy/CMakeFiles/CMakeTmp]
  ignore line: []
  ignore line: [Run Build Command:"/usr/bin/gmake" "cmTC_29bb3/fast"]
  ignore line: [/usr/bin/gmake -f CMakeFiles/cmTC_29bb3.dir/build.make CMakeFiles/cmTC_29bb3.dir/build]
  ignore line: [gmake[1]: 进入目录“/home/huang/server_core/mobaserver/moba_server_core/include/snappy/CMakeFiles/CMakeTmp”]
  ignore line: [Building C object CMakeFiles/cmTC_29bb3.dir/CMakeCCompilerABI.c.o]
  ignore line: [/usr/bin/cc    -o CMakeFiles/cmTC_29bb3.dir/CMakeCCompilerABI.c.o   -c /usr/local/share/cmake-3.12/Modules/CMakeCCompilerABI.c]
  ignore line: [Linking C executable cmTC_29bb3]
  ignore line: [/usr/local/bin/cmake -E cmake_link_script CMakeFiles/cmTC_29bb3.dir/link.txt --verbose=1]
  ignore line: [/usr/bin/cc     -v -rdynamic CMakeFiles/cmTC_29bb3.dir/CMakeCCompilerABI.c.o  -o cmTC_29bb3 ]
  ignore line: [使用内建 specs。]
  ignore line: [COLLECT_GCC=/usr/bin/cc]
  ignore line: [COLLECT_LTO_WRAPPER=/usr/libexec/gcc/x86_64-redhat-linux/4.8.5/lto-wrapper]
  ignore line: [目标：x86_64-redhat-linux]
  ignore line: [配置为：../configure --prefix=/usr --mandir=/usr/share/man --infodir=/usr/share/info --with-bugurl=http://bugzilla.redhat.com/bugzilla --enable-bootstrap --enable-shared --enable-threads=posix --enable-checking=release --with-system-zlib --enable-__cxa_atexit --disable-libunwind-exceptions --enable-gnu-unique-object --enable-linker-build-id --with-linker-hash-style=gnu --enable-languages=c,c++,objc,obj-c++,java,fortran,ada,go,lto --enable-plugin --enable-initfini-array --disable-libgcj --with-isl=/builddir/build/BUILD/gcc-4.8.5-20150702/obj-x86_64-redhat-linux/isl-install --with-cloog=/builddir/build/BUILD/gcc-4.8.5-20150702/obj-x86_64-redhat-linux/cloog-install --enable-gnu-indirect-function --with-tune=generic --with-arch_32=x86-64 --build=x86_64-redhat-linux]
  ignore line: [线程模型：posix]
  ignore line: [gcc 版本 4.8.5 20150623 (Red Hat 4.8.5-28) (GCC) ]
  ignore line: [COMPILER_PATH=/usr/libexec/gcc/x86_64-redhat-linux/4.8.5/:/usr/libexec/gcc/x86_64-redhat-linux/4.8.5/:/usr/libexec/gcc/x86_64-redhat-linux/:/usr/lib/gcc/x86_64-redhat-linux/4.8.5/:/usr/lib/gcc/x86_64-redhat-linux/]
  ignore line: [LIBRARY_PATH=/usr/lib/gcc/x86_64-redhat-linux/4.8.5/:/usr/lib/gcc/x86_64-redhat-linux/4.8.5/../../../../lib64/:/lib/../lib64/:/usr/lib/../lib64/:/usr/lib/gcc/x86_64-redhat-linux/4.8.5/../../../:/lib/:/usr/lib/]
  ignore line: [COLLECT_GCC_OPTIONS='-v' '-rdynamic' '-o' 'cmTC_29bb3' '-mtune=generic' '-march=x86-64']
  link line: [ /usr/libexec/gcc/x86_64-redhat-linux/4.8.5/collect2 --build-id --no-add-needed --eh-frame-hdr --hash-style=gnu -m elf_x86_64 -export-dynamic -dynamic-linker /lib64/ld-linux-x86-64.so.2 -o cmTC_29bb3 /usr/lib/gcc/x86_64-redhat-linux/4.8.5/../../../../lib64/crt1.o /usr/lib/gcc/x86_64-redhat-linux/4.8.5/../../../../lib64/crti.o /usr/lib/gcc/x86_64-redhat-linux/4.8.5/crtbegin.o -L/usr/lib/gcc/x86_64-redhat-linux/4.8.5 -L/usr/lib/gcc/x86_64-redhat-linux/4.8.5/../../../../lib64 -L/lib/../lib64 -L/usr/lib/../lib64 -L/usr/lib/gcc/x86_64-redhat-linux/4.8.5/../../.. CMakeFiles/cmTC_29bb3.dir/CMakeCCompilerABI.c.o -lgcc --as-needed -lgcc_s --no-as-needed -lc -lgcc --as-needed -lgcc_s --no-as-needed /usr/lib/gcc/x86_64-redhat-linux/4.8.5/crtend.o /usr/lib/gcc/x86_64-redhat-linux/4.8.5/../../../../lib64/crtn.o]
    arg [/usr/libexec/gcc/x86_64-redhat-linux/4.8.5/collect2] ==> ignore
    arg [--build-id] ==> ignore
    arg [--no-add-needed] ==> ignore
    arg [--eh-frame-hdr] ==> ignore
    arg [--hash-style=gnu] ==> ignore
    arg [-m] ==> ignore
    arg [elf_x86_64] ==> ignore
    arg [-export-dynamic] ==> ignore
    arg [-dynamic-linker] ==> ignore
    arg [/lib64/ld-linux-x86-64.so.2] ==> ignore
    arg [-o] ==> ignore
    arg [cmTC_29bb3] ==> ignore
    arg [/usr/lib/gcc/x86_64-redhat-linux/4.8.5/../../../../lib64/crt1.o] ==> ignore
    arg [/usr/lib/gcc/x86_64-redhat-linux/4.8.5/../../../../lib64/crti.o] ==> ignore
    arg [/usr/lib/gcc/x86_64-redhat-linux/4.8.5/crtbegin.o] ==> ignore
    arg [-L/usr/lib/gcc/x86_64-redhat-linux/4.8.5] ==> dir [/usr/lib/gcc/x86_64-redhat-linux/4.8.5]
    arg [-L/usr/lib/gcc/x86_64-redhat-linux/4.8.5/../../../../lib64] ==> dir [/usr/lib/gcc/x86_64-redhat-linux/4.8.5/../../../../lib64]
    arg [-L/lib/../lib64] ==> dir [/lib/../lib64]
    arg [-L/usr/lib/../lib64] ==> dir [/usr/lib/../lib64]
    arg [-L/usr/lib/gcc/x86_64-redhat-linux/4.8.5/../../..] ==> dir [/usr/lib/gcc/x86_64-redhat-linux/4.8.5/../../..]
    arg [CMakeFiles/cmTC_29bb3.dir/CMakeCCompilerABI.c.o] ==> ignore
    arg [-lgcc] ==> lib [gcc]
    arg [--as-needed] ==> ignore
    arg [-lgcc_s] ==> lib [gcc_s]
    arg [--no-as-needed] ==> ignore
    arg [-lc] ==> lib [c]
    arg [-lgcc] ==> lib [gcc]
    arg [--as-needed] ==> ignore
    arg [-lgcc_s] ==> lib [gcc_s]
    arg [--no-as-needed] ==> ignore
    arg [/usr/lib/gcc/x86_64-redhat-linux/4.8.5/crtend.o] ==> ignore
    arg [/usr/lib/gcc/x86_64-redhat-linux/4.8.5/../../../../lib64/crtn.o] ==> ignore
  collapse library dir [/usr/lib/gcc/x86_64-redhat-linux/4.8.5] ==> [/usr/lib/gcc/x86_64-redhat-linux/4.8.5]
  collapse library dir [/usr/lib/gcc/x86_64-redhat-linux/4.8.5/../../../../lib64] ==> [/usr/lib64]
  collapse library dir [/lib/../lib64] ==> [/lib64]
  collapse library dir [/usr/lib/../lib64] ==> [/usr/lib64]
  collapse library dir [/usr/lib/gcc/x86_64-redhat-linux/4.8.5/../../..] ==> [/usr/lib]
  implicit libs: [gcc;gcc_s;c;gcc;gcc_s]
  implicit dirs: [/usr/lib/gcc/x86_64-redhat-linux/4.8.5;/usr/lib64;/lib64;/usr/lib]
  implicit fwks: []




Detecting C [-std=c11] compiler features compiled with the following output:
Change Dir: /home/huang/server_core/mobaserver/moba_server_core/include/snappy/CMakeFiles/CMakeTmp

Run Build Command:"/usr/bin/gmake" "cmTC_f7983/fast"
/usr/bin/gmake -f CMakeFiles/cmTC_f7983.dir/build.make CMakeFiles/cmTC_f7983.dir/build
gmake[1]: 进入目录“/home/huang/server_core/mobaserver/moba_server_core/include/snappy/CMakeFiles/CMakeTmp”
Building C object CMakeFiles/cmTC_f7983.dir/feature_tests.c.o
/usr/bin/cc   -std=c11 -o CMakeFiles/cmTC_f7983.dir/feature_tests.c.o   -c /home/huang/server_core/mobaserver/moba_server_core/include/snappy/CMakeFiles/feature_tests.c
Linking C executable cmTC_f7983
/usr/local/bin/cmake -E cmake_link_script CMakeFiles/cmTC_f7983.dir/link.txt --verbose=1
/usr/bin/cc      -rdynamic CMakeFiles/cmTC_f7983.dir/feature_tests.c.o  -o cmTC_f7983 
gmake[1]: 离开目录“/home/huang/server_core/mobaserver/moba_server_core/include/snappy/CMakeFiles/CMakeTmp”


    Feature record: C_FEATURE:1c_function_prototypes
    Feature record: C_FEATURE:1c_restrict
    Feature record: C_FEATURE:1c_static_assert
    Feature record: C_FEATURE:1c_variadic_macros


Detecting C [-std=c99] compiler features compiled with the following output:
Change Dir: /home/huang/server_core/mobaserver/moba_server_core/include/snappy/CMakeFiles/CMakeTmp

Run Build Command:"/usr/bin/gmake" "cmTC_89b45/fast"
/usr/bin/gmake -f CMakeFiles/cmTC_89b45.dir/build.make CMakeFiles/cmTC_89b45.dir/build
gmake[1]: 进入目录“/home/huang/server_core/mobaserver/moba_server_core/include/snappy/CMakeFiles/CMakeTmp”
Building C object CMakeFiles/cmTC_89b45.dir/feature_tests.c.o
/usr/bin/cc   -std=c99 -o CMakeFiles/cmTC_89b45.dir/feature_tests.c.o   -c /home/huang/server_core/mobaserver/moba_server_core/include/snappy/CMakeFiles/feature_tests.c
Linking C executable cmTC_89b45
/usr/local/bin/cmake -E cmake_link_script CMakeFiles/cmTC_89b45.dir/link.txt --verbose=1
/usr/bin/cc      -rdynamic CMakeFiles/cmTC_89b45.dir/feature_tests.c.o  -o cmTC_89b45 
gmake[1]: 离开目录“/home/huang/server_core/mobaserver/moba_server_core/include/snappy/CMakeFiles/CMakeTmp”


    Feature record: C_FEATURE:1c_function_prototypes
    Feature record: C_FEATURE:1c_restrict
    Feature record: C_FEATURE:0c_static_assert
    Feature record: C_FEATURE:1c_variadic_macros


Detecting C [-std=c90] compiler features compiled with the following output:
Change Dir: /home/huang/server_core/mobaserver/moba_server_core/include/snappy/CMakeFiles/CMakeTmp

Run Build Command:"/usr/bin/gmake" "cmTC_666ec/fast"
/usr/bin/gmake -f CMakeFiles/cmTC_666ec.dir/build.make CMakeFiles/cmTC_666ec.dir/build
gmake[1]: 进入目录“/home/huang/server_core/mobaserver/moba_server_core/include/snappy/CMakeFiles/CMakeTmp”
Building C object CMakeFiles/cmTC_666ec.dir/feature_tests.c.o
/usr/bin/cc   -std=c90 -o CMakeFiles/cmTC_666ec.dir/feature_tests.c.o   -c /home/huang/server_core/mobaserver/moba_server_core/include/snappy/CMakeFiles/feature_tests.c
Linking C executable cmTC_666ec
/usr/local/bin/cmake -E cmake_link_script CMakeFiles/cmTC_666ec.dir/link.txt --verbose=1
/usr/bin/cc      -rdynamic CMakeFiles/cmTC_666ec.dir/feature_tests.c.o  -o cmTC_666ec 
gmake[1]: 离开目录“/home/huang/server_core/mobaserver/moba_server_core/include/snappy/CMakeFiles/CMakeTmp”


    Feature record: C_FEATURE:1c_function_prototypes
    Feature record: C_FEATURE:0c_restrict
    Feature record: C_FEATURE:0c_static_assert
    Feature record: C_FEATURE:0c_variadic_macros
Determining if the CXX compiler works passed with the following output:
Change Dir: /home/huang/server_core/mobaserver/moba_server_core/include/snappy/CMakeFiles/CMakeTmp

Run Build Command:"/usr/bin/gmake" "cmTC_b638f/fast"
/usr/bin/gmake -f CMakeFiles/cmTC_b638f.dir/build.make CMakeFiles/cmTC_b638f.dir/build
gmake[1]: 进入目录“/home/huang/server_core/mobaserver/moba_server_core/include/snappy/CMakeFiles/CMakeTmp”
Building CXX object CMakeFiles/cmTC_b638f.dir/testCXXCompiler.cxx.o
/usr/bin/c++     -o CMakeFiles/cmTC_b638f.dir/testCXXCompiler.cxx.o -c /home/huang/server_core/mobaserver/moba_server_core/include/snappy/CMakeFiles/CMakeTmp/testCXXCompiler.cxx
Linking CXX executable cmTC_b638f
/usr/local/bin/cmake -E cmake_link_script CMakeFiles/cmTC_b638f.dir/link.txt --verbose=1
/usr/bin/c++       -rdynamic CMakeFiles/cmTC_b638f.dir/testCXXCompiler.cxx.o  -o cmTC_b638f 
gmake[1]: 离开目录“/home/huang/server_core/mobaserver/moba_server_core/include/snappy/CMakeFiles/CMakeTmp”


Detecting CXX compiler ABI info compiled with the following output:
Change Dir: /home/huang/server_core/mobaserver/moba_server_core/include/snappy/CMakeFiles/CMakeTmp

Run Build Command:"/usr/bin/gmake" "cmTC_8855f/fast"
/usr/bin/gmake -f CMakeFiles/cmTC_8855f.dir/build.make CMakeFiles/cmTC_8855f.dir/build
gmake[1]: 进入目录“/home/huang/server_core/mobaserver/moba_server_core/include/snappy/CMakeFiles/CMakeTmp”
Building CXX object CMakeFiles/cmTC_8855f.dir/CMakeCXXCompilerABI.cpp.o
/usr/bin/c++     -o CMakeFiles/cmTC_8855f.dir/CMakeCXXCompilerABI.cpp.o -c /usr/local/share/cmake-3.12/Modules/CMakeCXXCompilerABI.cpp
Linking CXX executable cmTC_8855f
/usr/local/bin/cmake -E cmake_link_script CMakeFiles/cmTC_8855f.dir/link.txt --verbose=1
/usr/bin/c++      -v -rdynamic CMakeFiles/cmTC_8855f.dir/CMakeCXXCompilerABI.cpp.o  -o cmTC_8855f 
使用内建 specs。
COLLECT_GCC=/usr/bin/c++
COLLECT_LTO_WRAPPER=/usr/libexec/gcc/x86_64-redhat-linux/4.8.5/lto-wrapper
目标：x86_64-redhat-linux
配置为：../configure --prefix=/usr --mandir=/usr/share/man --infodir=/usr/share/info --with-bugurl=http://bugzilla.redhat.com/bugzilla --enable-bootstrap --enable-shared --enable-threads=posix --enable-checking=release --with-system-zlib --enable-__cxa_atexit --disable-libunwind-exceptions --enable-gnu-unique-object --enable-linker-build-id --with-linker-hash-style=gnu --enable-languages=c,c++,objc,obj-c++,java,fortran,ada,go,lto --enable-plugin --enable-initfini-array --disable-libgcj --with-isl=/builddir/build/BUILD/gcc-4.8.5-20150702/obj-x86_64-redhat-linux/isl-install --with-cloog=/builddir/build/BUILD/gcc-4.8.5-20150702/obj-x86_64-redhat-linux/cloog-install --enable-gnu-indirect-function --with-tune=generic --with-arch_32=x86-64 --build=x86_64-redhat-linux
线程模型：posix
gcc 版本 4.8.5 20150623 (Red Hat 4.8.5-28) (GCC) 
COMPILER_PATH=/usr/libexec/gcc/x86_64-redhat-linux/4.8.5/:/usr/libexec/gcc/x86_64-redhat-linux/4.8.5/:/usr/libexec/gcc/x86_64-redhat-linux/:/usr/lib/gcc/x86_64-redhat-linux/4.8.5/:/usr/lib/gcc/x86_64-redhat-linux/
LIBRARY_PATH=/usr/lib/gcc/x86_64-redhat-linux/4.8.5/:/usr/lib/gcc/x86_64-redhat-linux/4.8.5/../../../../lib64/:/lib/../lib64/:/usr/lib/../lib64/:/usr/lib/gcc/x86_64-redhat-linux/4.8.5/../../../:/lib/:/usr/lib/
COLLECT_GCC_OPTIONS='-v' '-rdynamic' '-o' 'cmTC_8855f' '-shared-libgcc' '-mtune=generic' '-march=x86-64'
 /usr/libexec/gcc/x86_64-redhat-linux/4.8.5/collect2 --build-id --no-add-needed --eh-frame-hdr --hash-style=gnu -m elf_x86_64 -export-dynamic -dynamic-linker /lib64/ld-linux-x86-64.so.2 -o cmTC_8855f /usr/lib/gcc/x86_64-redhat-linux/4.8.5/../../../../lib64/crt1.o /usr/lib/gcc/x86_64-redhat-linux/4.8.5/../../../../lib64/crti.o /usr/lib/gcc/x86_64-redhat-linux/4.8.5/crtbegin.o -L/usr/lib/gcc/x86_64-redhat-linux/4.8.5 -L/usr/lib/gcc/x86_64-redhat-linux/4.8.5/../../../../lib64 -L/lib/../lib64 -L/usr/lib/../lib64 -L/usr/lib/gcc/x86_64-redhat-linux/4.8.5/../../.. CMakeFiles/cmTC_8855f.dir/CMakeCXXCompilerABI.cpp.o -lstdc++ -lm -lgcc_s -lgcc -lc -lgcc_s -lgcc /usr/lib/gcc/x86_64-redhat-linux/4.8.5/crtend.o /usr/lib/gcc/x86_64-redhat-linux/4.8.5/../../../../lib64/crtn.o
gmake[1]: 离开目录“/home/huang/server_core/mobaserver/moba_server_core/include/snappy/CMakeFiles/CMakeTmp”


Parsed CXX implicit link information from above output:
  link line regex: [^( *|.*[/\])(ld|CMAKE_LINK_STARTFILE-NOTFOUND|([^/\]+-)?ld|collect2)[^/\]*( |$)]
  ignore line: [Change Dir: /home/huang/server_core/mobaserver/moba_server_core/include/snappy/CMakeFiles/CMakeTmp]
  ignore line: []
  ignore line: [Run Build Command:"/usr/bin/gmake" "cmTC_8855f/fast"]
  ignore line: [/usr/bin/gmake -f CMakeFiles/cmTC_8855f.dir/build.make CMakeFiles/cmTC_8855f.dir/build]
  ignore line: [gmake[1]: 进入目录“/home/huang/server_core/mobaserver/moba_server_core/include/snappy/CMakeFiles/CMakeTmp”]
  ignore line: [Building CXX object CMakeFiles/cmTC_8855f.dir/CMakeCXXCompilerABI.cpp.o]
  ignore line: [/usr/bin/c++     -o CMakeFiles/cmTC_8855f.dir/CMakeCXXCompilerABI.cpp.o -c /usr/local/share/cmake-3.12/Modules/CMakeCXXCompilerABI.cpp]
  ignore line: [Linking CXX executable cmTC_8855f]
  ignore line: [/usr/local/bin/cmake -E cmake_link_script CMakeFiles/cmTC_8855f.dir/link.txt --verbose=1]
  ignore line: [/usr/bin/c++      -v -rdynamic CMakeFiles/cmTC_8855f.dir/CMakeCXXCompilerABI.cpp.o  -o cmTC_8855f ]
  ignore line: [使用内建 specs。]
  ignore line: [COLLECT_GCC=/usr/bin/c++]
  ignore line: [COLLECT_LTO_WRAPPER=/usr/libexec/gcc/x86_64-redhat-linux/4.8.5/lto-wrapper]
  ignore line: [目标：x86_64-redhat-linux]
  ignore line: [配置为：../configure --prefix=/usr --mandir=/usr/share/man --infodir=/usr/share/info --with-bugurl=http://bugzilla.redhat.com/bugzilla --enable-bootstrap --enable-shared --enable-threads=posix --enable-checking=release --with-system-zlib --enable-__cxa_atexit --disable-libunwind-exceptions --enable-gnu-unique-object --enable-linker-build-id --with-linker-hash-style=gnu --enable-languages=c,c++,objc,obj-c++,java,fortran,ada,go,lto --enable-plugin --enable-initfini-array --disable-libgcj --with-isl=/builddir/build/BUILD/gcc-4.8.5-20150702/obj-x86_64-redhat-linux/isl-install --with-cloog=/builddir/build/BUILD/gcc-4.8.5-20150702/obj-x86_64-redhat-linux/cloog-install --enable-gnu-indirect-function --with-tune=generic --with-arch_32=x86-64 --build=x86_64-redhat-linux]
  ignore line: [线程模型：posix]
  ignore line: [gcc 版本 4.8.5 20150623 (Red Hat 4.8.5-28) (GCC) ]
  ignore line: [COMPILER_PATH=/usr/libexec/gcc/x86_64-redhat-linux/4.8.5/:/usr/libexec/gcc/x86_64-redhat-linux/4.8.5/:/usr/libexec/gcc/x86_64-redhat-linux/:/usr/lib/gcc/x86_64-redhat-linux/4.8.5/:/usr/lib/gcc/x86_64-redhat-linux/]
  ignore line: [LIBRARY_PATH=/usr/lib/gcc/x86_64-redhat-linux/4.8.5/:/usr/lib/gcc/x86_64-redhat-linux/4.8.5/../../../../lib64/:/lib/../lib64/:/usr/lib/../lib64/:/usr/lib/gcc/x86_64-redhat-linux/4.8.5/../../../:/lib/:/usr/lib/]
  ignore line: [COLLECT_GCC_OPTIONS='-v' '-rdynamic' '-o' 'cmTC_8855f' '-shared-libgcc' '-mtune=generic' '-march=x86-64']
  link line: [ /usr/libexec/gcc/x86_64-redhat-linux/4.8.5/collect2 --build-id --no-add-needed --eh-frame-hdr --hash-style=gnu -m elf_x86_64 -export-dynamic -dynamic-linker /lib64/ld-linux-x86-64.so.2 -o cmTC_8855f /usr/lib/gcc/x86_64-redhat-linux/4.8.5/../../../../lib64/crt1.o /usr/lib/gcc/x86_64-redhat-linux/4.8.5/../../../../lib64/crti.o /usr/lib/gcc/x86_64-redhat-linux/4.8.5/crtbegin.o -L/usr/lib/gcc/x86_64-redhat-linux/4.8.5 -L/usr/lib/gcc/x86_64-redhat-linux/4.8.5/../../../../lib64 -L/lib/../lib64 -L/usr/lib/../lib64 -L/usr/lib/gcc/x86_64-redhat-linux/4.8.5/../../.. CMakeFiles/cmTC_8855f.dir/CMakeCXXCompilerABI.cpp.o -lstdc++ -lm -lgcc_s -lgcc -lc -lgcc_s -lgcc /usr/lib/gcc/x86_64-redhat-linux/4.8.5/crtend.o /usr/lib/gcc/x86_64-redhat-linux/4.8.5/../../../../lib64/crtn.o]
    arg [/usr/libexec/gcc/x86_64-redhat-linux/4.8.5/collect2] ==> ignore
    arg [--build-id] ==> ignore
    arg [--no-add-needed] ==> ignore
    arg [--eh-frame-hdr] ==> ignore
    arg [--hash-style=gnu] ==> ignore
    arg [-m] ==> ignore
    arg [elf_x86_64] ==> ignore
    arg [-export-dynamic] ==> ignore
    arg [-dynamic-linker] ==> ignore
    arg [/lib64/ld-linux-x86-64.so.2] ==> ignore
    arg [-o] ==> ignore
    arg [cmTC_8855f] ==> ignore
    arg [/usr/lib/gcc/x86_64-redhat-linux/4.8.5/../../../../lib64/crt1.o] ==> ignore
    arg [/usr/lib/gcc/x86_64-redhat-linux/4.8.5/../../../../lib64/crti.o] ==> ignore
    arg [/usr/lib/gcc/x86_64-redhat-linux/4.8.5/crtbegin.o] ==> ignore
    arg [-L/usr/lib/gcc/x86_64-redhat-linux/4.8.5] ==> dir [/usr/lib/gcc/x86_64-redhat-linux/4.8.5]
    arg [-L/usr/lib/gcc/x86_64-redhat-linux/4.8.5/../../../../lib64] ==> dir [/usr/lib/gcc/x86_64-redhat-linux/4.8.5/../../../../lib64]
    arg [-L/lib/../lib64] ==> dir [/lib/../lib64]
    arg [-L/usr/lib/../lib64] ==> dir [/usr/lib/../lib64]
    arg [-L/usr/lib/gcc/x86_64-redhat-linux/4.8.5/../../..] ==> dir [/usr/lib/gcc/x86_64-redhat-linux/4.8.5/../../..]
    arg [CMakeFiles/cmTC_8855f.dir/CMakeCXXCompilerABI.cpp.o] ==> ignore
    arg [-lstdc++] ==> lib [stdc++]
    arg [-lm] ==> lib [m]
    arg [-lgcc_s] ==> lib [gcc_s]
    arg [-lgcc] ==> lib [gcc]
    arg [-lc] ==> lib [c]
    arg [-lgcc_s] ==> lib [gcc_s]
    arg [-lgcc] ==> lib [gcc]
    arg [/usr/lib/gcc/x86_64-redhat-linux/4.8.5/crtend.o] ==> ignore
    arg [/usr/lib/gcc/x86_64-redhat-linux/4.8.5/../../../../lib64/crtn.o] ==> ignore
  collapse library dir [/usr/lib/gcc/x86_64-redhat-linux/4.8.5] ==> [/usr/lib/gcc/x86_64-redhat-linux/4.8.5]
  collapse library dir [/usr/lib/gcc/x86_64-redhat-linux/4.8.5/../../../../lib64] ==> [/usr/lib64]
  collapse library dir [/lib/../lib64] ==> [/lib64]
  collapse library dir [/usr/lib/../lib64] ==> [/usr/lib64]
  collapse library dir [/usr/lib/gcc/x86_64-redhat-linux/4.8.5/../../..] ==> [/usr/lib]
  implicit libs: [stdc++;m;gcc_s;gcc;c;gcc_s;gcc]
  implicit dirs: [/usr/lib/gcc/x86_64-redhat-linux/4.8.5;/usr/lib64;/lib64;/usr/lib]
  implicit fwks: []




Detecting CXX [-std=c++1y] compiler features compiled with the following output:
Change Dir: /home/huang/server_core/mobaserver/moba_server_core/include/snappy/CMakeFiles/CMakeTmp

Run Build Command:"/usr/bin/gmake" "cmTC_9a034/fast"
/usr/bin/gmake -f CMakeFiles/cmTC_9a034.dir/build.make CMakeFiles/cmTC_9a034.dir/build
gmake[1]: 进入目录“/home/huang/server_core/mobaserver/moba_server_core/include/snappy/CMakeFiles/CMakeTmp”
Building CXX object CMakeFiles/cmTC_9a034.dir/feature_tests.cxx.o
/usr/bin/c++    -std=c++1y -o CMakeFiles/cmTC_9a034.dir/feature_tests.cxx.o -c /home/huang/server_core/mobaserver/moba_server_core/include/snappy/CMakeFiles/feature_tests.cxx
Linking CXX executable cmTC_9a034
/usr/local/bin/cmake -E cmake_link_script CMakeFiles/cmTC_9a034.dir/link.txt --verbose=1
/usr/bin/c++       -rdynamic CMakeFiles/cmTC_9a034.dir/feature_tests.cxx.o  -o cmTC_9a034 
gmake[1]: 离开目录“/home/huang/server_core/mobaserver/moba_server_core/include/snappy/CMakeFiles/CMakeTmp”


    Feature record: CXX_FEATURE:0cxx_aggregate_default_initializers
    Feature record: CXX_FEATURE:1cxx_alias_templates
    Feature record: CXX_FEATURE:1cxx_alignas
    Feature record: CXX_FEATURE:1cxx_alignof
    Feature record: CXX_FEATURE:1cxx_attributes
    Feature record: CXX_FEATURE:0cxx_attribute_deprecated
    Feature record: CXX_FEATURE:1cxx_auto_type
    Feature record: CXX_FEATURE:0cxx_binary_literals
    Feature record: CXX_FEATURE:1cxx_constexpr
    Feature record: CXX_FEATURE:0cxx_contextual_conversions
    Feature record: CXX_FEATURE:1cxx_decltype
    Feature record: CXX_FEATURE:0cxx_decltype_auto
    Feature record: CXX_FEATURE:1cxx_decltype_incomplete_return_types
    Feature record: CXX_FEATURE:1cxx_default_function_template_args
    Feature record: CXX_FEATURE:1cxx_defaulted_functions
    Feature record: CXX_FEATURE:1cxx_defaulted_move_initializers
    Feature record: CXX_FEATURE:1cxx_delegating_constructors
    Feature record: CXX_FEATURE:1cxx_deleted_functions
    Feature record: CXX_FEATURE:0cxx_digit_separators
    Feature record: CXX_FEATURE:1cxx_enum_forward_declarations
    Feature record: CXX_FEATURE:1cxx_explicit_conversions
    Feature record: CXX_FEATURE:1cxx_extended_friend_declarations
    Feature record: CXX_FEATURE:1cxx_extern_templates
    Feature record: CXX_FEATURE:1cxx_final
    Feature record: CXX_FEATURE:1cxx_func_identifier
    Feature record: CXX_FEATURE:1cxx_generalized_initializers
    Feature record: CXX_FEATURE:0cxx_generic_lambdas
    Feature record: CXX_FEATURE:1cxx_inheriting_constructors
    Feature record: CXX_FEATURE:1cxx_inline_namespaces
    Feature record: CXX_FEATURE:1cxx_lambdas
    Feature record: CXX_FEATURE:0cxx_lambda_init_captures
    Feature record: CXX_FEATURE:1cxx_local_type_template_args
    Feature record: CXX_FEATURE:1cxx_long_long_type
    Feature record: CXX_FEATURE:1cxx_noexcept
    Feature record: CXX_FEATURE:1cxx_nonstatic_member_init
    Feature record: CXX_FEATURE:1cxx_nullptr
    Feature record: CXX_FEATURE:1cxx_override
    Feature record: CXX_FEATURE:1cxx_range_for
    Feature record: CXX_FEATURE:1cxx_raw_string_literals
    Feature record: CXX_FEATURE:1cxx_reference_qualified_functions
    Feature record: CXX_FEATURE:0cxx_relaxed_constexpr
    Feature record: CXX_FEATURE:0cxx_return_type_deduction
    Feature record: CXX_FEATURE:1cxx_right_angle_brackets
    Feature record: CXX_FEATURE:1cxx_rvalue_references
    Feature record: CXX_FEATURE:1cxx_sizeof_member
    Feature record: CXX_FEATURE:1cxx_static_assert
    Feature record: CXX_FEATURE:1cxx_strong_enums
    Feature record: CXX_FEATURE:1cxx_template_template_parameters
    Feature record: CXX_FEATURE:1cxx_thread_local
    Feature record: CXX_FEATURE:1cxx_trailing_return_types
    Feature record: CXX_FEATURE:1cxx_unicode_literals
    Feature record: CXX_FEATURE:1cxx_uniform_initialization
    Feature record: CXX_FEATURE:1cxx_unrestricted_unions
    Feature record: CXX_FEATURE:1cxx_user_literals
    Feature record: CXX_FEATURE:0cxx_variable_templates
    Feature record: CXX_FEATURE:1cxx_variadic_macros
    Feature record: CXX_FEATURE:1cxx_variadic_templates


Detecting CXX [-std=c++11] compiler features compiled with the following output:
Change Dir: /home/huang/server_core/mobaserver/moba_server_core/include/snappy/CMakeFiles/CMakeTmp

Run Build Command:"/usr/bin/gmake" "cmTC_6f1f7/fast"
/usr/bin/gmake -f CMakeFiles/cmTC_6f1f7.dir/build.make CMakeFiles/cmTC_6f1f7.dir/build
gmake[1]: 进入目录“/home/huang/server_core/mobaserver/moba_server_core/include/snappy/CMakeFiles/CMakeTmp”
Building CXX object CMakeFiles/cmTC_6f1f7.dir/feature_tests.cxx.o
/usr/bin/c++    -std=c++11 -o CMakeFiles/cmTC_6f1f7.dir/feature_tests.cxx.o -c /home/huang/server_core/mobaserver/moba_server_core/include/snappy/CMakeFiles/feature_tests.cxx
Linking CXX executable cmTC_6f1f7
/usr/local/bin/cmake -E cmake_link_script CMakeFiles/cmTC_6f1f7.dir/link.txt --verbose=1
/usr/bin/c++       -rdynamic CMakeFiles/cmTC_6f1f7.dir/feature_tests.cxx.o  -o cmTC_6f1f7 
gmake[1]: 离开目录“/home/huang/server_core/mobaserver/moba_server_core/include/snappy/CMakeFiles/CMakeTmp”


    Feature record: CXX_FEATURE:0cxx_aggregate_default_initializers
    Feature record: CXX_FEATURE:1cxx_alias_templates
    Feature record: CXX_FEATURE:1cxx_alignas
    Feature record: CXX_FEATURE:1cxx_alignof
    Feature record: CXX_FEATURE:1cxx_attributes
    Feature record: CXX_FEATURE:0cxx_attribute_deprecated
    Feature record: CXX_FEATURE:1cxx_auto_type
    Feature record: CXX_FEATURE:0cxx_binary_literals
    Feature record: CXX_FEATURE:1cxx_constexpr
    Feature record: CXX_FEATURE:0cxx_contextual_conversions
    Feature record: CXX_FEATURE:1cxx_decltype
    Feature record: CXX_FEATURE:0cxx_decltype_auto
    Feature record: CXX_FEATURE:1cxx_decltype_incomplete_return_types
    Feature record: CXX_FEATURE:1cxx_default_function_template_args
    Feature record: CXX_FEATURE:1cxx_defaulted_functions
    Feature record: CXX_FEATURE:1cxx_defaulted_move_initializers
    Feature record: CXX_FEATURE:1cxx_delegating_constructors
    Feature record: CXX_FEATURE:1cxx_deleted_functions
    Feature record: CXX_FEATURE:0cxx_digit_separators
    Feature record: CXX_FEATURE:1cxx_enum_forward_declarations
    Feature record: CXX_FEATURE:1cxx_explicit_conversions
    Feature record: CXX_FEATURE:1cxx_extended_friend_declarations
    Feature record: CXX_FEATURE:1cxx_extern_templates
    Feature record: CXX_FEATURE:1cxx_final
    Feature record: CXX_FEATURE:1cxx_func_identifier
    Feature record: CXX_FEATURE:1cxx_generalized_initializers
    Feature record: CXX_FEATURE:0cxx_generic_lambdas
    Feature record: CXX_FEATURE:1cxx_inheriting_constructors
    Feature record: CXX_FEATURE:1cxx_inline_namespaces
    Feature record: CXX_FEATURE:1cxx_lambdas
    Feature record: CXX_FEATURE:0cxx_lambda_init_captures
    Feature record: CXX_FEATURE:1cxx_local_type_template_args
    Feature record: CXX_FEATURE:1cxx_long_long_type
    Feature record: CXX_FEATURE:1cxx_noexcept
    Feature record: CXX_FEATURE:1cxx_nonstatic_member_init
    Feature record: CXX_FEATURE:1cxx_nullptr
    Feature record: CXX_FEATURE:1cxx_override
    Feature record: CXX_FEATURE:1cxx_range_for
    Feature record: CXX_FEATURE:1cxx_raw_string_literals
    Feature record: CXX_FEATURE:1cxx_reference_qualified_functions
    Feature record: CXX_FEATURE:0cxx_relaxed_constexpr
    Feature record: CXX_FEATURE:0cxx_return_type_deduction
    Feature record: CXX_FEATURE:1cxx_right_angle_brackets
    Feature record: CXX_FEATURE:1cxx_rvalue_references
    Feature record: CXX_FEATURE:1cxx_sizeof_member
    Feature record: CXX_FEATURE:1cxx_static_assert
    Feature record: CXX_FEATURE:1cxx_strong_enums
    Feature record: CXX_FEATURE:1cxx_template_template_parameters
    Feature record: CXX_FEATURE:1cxx_thread_local
    Feature record: CXX_FEATURE:1cxx_trailing_return_types
    Feature record: CXX_FEATURE:1cxx_unicode_literals
    Feature record: CXX_FEATURE:1cxx_uniform_initialization
    Feature record: CXX_FEATURE:1cxx_unrestricted_unions
    Feature record: CXX_FEATURE:1cxx_user_literals
    Feature record: CXX_FEATURE:0cxx_variable_templates
    Feature record: CXX_FEATURE:1cxx_variadic_macros
    Feature record: CXX_FEATURE:1cxx_variadic_templates


Detecting CXX [-std=c++98] compiler features compiled with the following output:
Change Dir: /home/huang/server_core/mobaserver/moba_server_core/include/snappy/CMakeFiles/CMakeTmp

Run Build Command:"/usr/bin/gmake" "cmTC_4d9e0/fast"
/usr/bin/gmake -f CMakeFiles/cmTC_4d9e0.dir/build.make CMakeFiles/cmTC_4d9e0.dir/build
gmake[1]: 进入目录“/home/huang/server_core/mobaserver/moba_server_core/include/snappy/CMakeFiles/CMakeTmp”
Building CXX object CMakeFiles/cmTC_4d9e0.dir/feature_tests.cxx.o
/usr/bin/c++    -std=c++98 -o CMakeFiles/cmTC_4d9e0.dir/feature_tests.cxx.o -c /home/huang/server_core/mobaserver/moba_server_core/include/snappy/CMakeFiles/feature_tests.cxx
Linking CXX executable cmTC_4d9e0
/usr/local/bin/cmake -E cmake_link_script CMakeFiles/cmTC_4d9e0.dir/link.txt --verbose=1
/usr/bin/c++       -rdynamic CMakeFiles/cmTC_4d9e0.dir/feature_tests.cxx.o  -o cmTC_4d9e0 
gmake[1]: 离开目录“/home/huang/server_core/mobaserver/moba_server_core/include/snappy/CMakeFiles/CMakeTmp”


    Feature record: CXX_FEATURE:0cxx_aggregate_default_initializers
    Feature record: CXX_FEATURE:0cxx_alias_templates
    Feature record: CXX_FEATURE:0cxx_alignas
    Feature record: CXX_FEATURE:0cxx_alignof
    Feature record: CXX_FEATURE:0cxx_attributes
    Feature record: CXX_FEATURE:0cxx_attribute_deprecated
    Feature record: CXX_FEATURE:0cxx_auto_type
    Feature record: CXX_FEATURE:0cxx_binary_literals
    Feature record: CXX_FEATURE:0cxx_constexpr
    Feature record: CXX_FEATURE:0cxx_contextual_conversions
    Feature record: CXX_FEATURE:0cxx_decltype
    Feature record: CXX_FEATURE:0cxx_decltype_auto
    Feature record: CXX_FEATURE:0cxx_decltype_incomplete_return_types
    Feature record: CXX_FEATURE:0cxx_default_function_template_args
    Feature record: CXX_FEATURE:0cxx_defaulted_functions
    Feature record: CXX_FEATURE:0cxx_defaulted_move_initializers
    Feature record: CXX_FEATURE:0cxx_delegating_constructors
    Feature record: CXX_FEATURE:0cxx_deleted_functions
    Feature record: CXX_FEATURE:0cxx_digit_separators
    Feature record: CXX_FEATURE:0cxx_enum_forward_declarations
    Feature record: CXX_FEATURE:0cxx_explicit_conversions
    Feature record: CXX_FEATURE:0cxx_extended_friend_declarations
    Feature record: CXX_FEATURE:0cxx_extern_templates
    Feature record: CXX_FEATURE:0cxx_final
    Feature record: CXX_FEATURE:0cxx_func_identifier
    Feature record: CXX_FEATURE:0cxx_generalized_initializers
    Feature record: CXX_FEATURE:0cxx_generic_lambdas
    Feature record: CXX_FEATURE:0cxx_inheriting_constructors
    Feature record: CXX_FEATURE:0cxx_inline_namespaces
    Feature record: CXX_FEATURE:0cxx_lambdas
    Feature record: CXX_FEATURE:0cxx_lambda_init_captures
    Feature record: CXX_FEATURE:0cxx_local_type_template_args
    Feature record: CXX_FEATURE:0cxx_long_long_type
    Feature record: CXX_FEATURE:0cxx_noexcept
    Feature record: CXX_FEATURE:0cxx_nonstatic_member_init
    Feature record: CXX_FEATURE:0cxx_nullptr
    Feature record: CXX_FEATURE:0cxx_override
    Feature record: CXX_FEATURE:0cxx_range_for
    Feature record: CXX_FEATURE:0cxx_raw_string_literals
    Feature record: CXX_FEATURE:0cxx_reference_qualified_functions
    Feature record: CXX_FEATURE:0cxx_relaxed_constexpr
    Feature record: CXX_FEATURE:0cxx_return_type_deduction
    Feature record: CXX_FEATURE:0cxx_right_angle_brackets
    Feature record: CXX_FEATURE:0cxx_rvalue_references
    Feature record: CXX_FEATURE:0cxx_sizeof_member
    Feature record: CXX_FEATURE:0cxx_static_assert
    Feature record: CXX_FEATURE:0cxx_strong_enums
    Feature record: CXX_FEATURE:1cxx_template_template_parameters
    Feature record: CXX_FEATURE:0cxx_thread_local
    Feature record: CXX_FEATURE:0cxx_trailing_return_types
    Feature record: CXX_FEATURE:0cxx_unicode_literals
    Feature record: CXX_FEATURE:0cxx_uniform_initialization
    Feature record: CXX_FEATURE:0cxx_unrestricted_unions
    Feature record: CXX_FEATURE:0cxx_user_literals
    Feature record: CXX_FEATURE:0cxx_variable_templates
    Feature record: CXX_FEATURE:0cxx_variadic_macros
    Feature record: CXX_FEATURE:0cxx_variadic_templates
Determining if the include file sys/types.h exists passed with the following output:
Change Dir: /home/huang/server_core/mobaserver/moba_server_core/include/snappy/CMakeFiles/CMakeTmp

Run Build Command:"/usr/bin/gmake" "cmTC_b9a2e/fast"
/usr/bin/gmake -f CMakeFiles/cmTC_b9a2e.dir/build.make CMakeFiles/cmTC_b9a2e.dir/build
gmake[1]: 进入目录“/home/huang/server_core/mobaserver/moba_server_core/include/snappy/CMakeFiles/CMakeTmp”
Building C object CMakeFiles/cmTC_b9a2e.dir/CheckIncludeFile.c.o
/usr/bin/cc    -o CMakeFiles/cmTC_b9a2e.dir/CheckIncludeFile.c.o   -c /home/huang/server_core/mobaserver/moba_server_core/include/snappy/CMakeFiles/CMakeTmp/CheckIncludeFile.c
Linking C executable cmTC_b9a2e
/usr/local/bin/cmake -E cmake_link_script CMakeFiles/cmTC_b9a2e.dir/link.txt --verbose=1
/usr/bin/cc      -rdynamic CMakeFiles/cmTC_b9a2e.dir/CheckIncludeFile.c.o  -o cmTC_b9a2e 
gmake[1]: 离开目录“/home/huang/server_core/mobaserver/moba_server_core/include/snappy/CMakeFiles/CMakeTmp”


Determining if the include file stdint.h exists passed with the following output:
Change Dir: /home/huang/server_core/mobaserver/moba_server_core/include/snappy/CMakeFiles/CMakeTmp

Run Build Command:"/usr/bin/gmake" "cmTC_cd0a4/fast"
/usr/bin/gmake -f CMakeFiles/cmTC_cd0a4.dir/build.make CMakeFiles/cmTC_cd0a4.dir/build
gmake[1]: 进入目录“/home/huang/server_core/mobaserver/moba_server_core/include/snappy/CMakeFiles/CMakeTmp”
Building C object CMakeFiles/cmTC_cd0a4.dir/CheckIncludeFile.c.o
/usr/bin/cc    -o CMakeFiles/cmTC_cd0a4.dir/CheckIncludeFile.c.o   -c /home/huang/server_core/mobaserver/moba_server_core/include/snappy/CMakeFiles/CMakeTmp/CheckIncludeFile.c
Linking C executable cmTC_cd0a4
/usr/local/bin/cmake -E cmake_link_script CMakeFiles/cmTC_cd0a4.dir/link.txt --verbose=1
/usr/bin/cc      -rdynamic CMakeFiles/cmTC_cd0a4.dir/CheckIncludeFile.c.o  -o cmTC_cd0a4 
gmake[1]: 离开目录“/home/huang/server_core/mobaserver/moba_server_core/include/snappy/CMakeFiles/CMakeTmp”


Determining if the include file stddef.h exists passed with the following output:
Change Dir: /home/huang/server_core/mobaserver/moba_server_core/include/snappy/CMakeFiles/CMakeTmp

Run Build Command:"/usr/bin/gmake" "cmTC_4ddea/fast"
/usr/bin/gmake -f CMakeFiles/cmTC_4ddea.dir/build.make CMakeFiles/cmTC_4ddea.dir/build
gmake[1]: 进入目录“/home/huang/server_core/mobaserver/moba_server_core/include/snappy/CMakeFiles/CMakeTmp”
Building C object CMakeFiles/cmTC_4ddea.dir/CheckIncludeFile.c.o
/usr/bin/cc    -o CMakeFiles/cmTC_4ddea.dir/CheckIncludeFile.c.o   -c /home/huang/server_core/mobaserver/moba_server_core/include/snappy/CMakeFiles/CMakeTmp/CheckIncludeFile.c
Linking C executable cmTC_4ddea
/usr/local/bin/cmake -E cmake_link_script CMakeFiles/cmTC_4ddea.dir/link.txt --verbose=1
/usr/bin/cc      -rdynamic CMakeFiles/cmTC_4ddea.dir/CheckIncludeFile.c.o  -o cmTC_4ddea 
gmake[1]: 离开目录“/home/huang/server_core/mobaserver/moba_server_core/include/snappy/CMakeFiles/CMakeTmp”


Determining size of unsigned short passed with the following output:
Change Dir: /home/huang/server_core/mobaserver/moba_server_core/include/snappy/CMakeFiles/CMakeTmp

Run Build Command:"/usr/bin/gmake" "cmTC_d3756/fast"
/usr/bin/gmake -f CMakeFiles/cmTC_d3756.dir/build.make CMakeFiles/cmTC_d3756.dir/build
gmake[1]: 进入目录“/home/huang/server_core/mobaserver/moba_server_core/include/snappy/CMakeFiles/CMakeTmp”
Building C object CMakeFiles/cmTC_d3756.dir/CMAKE_SIZEOF_UNSIGNED_SHORT.c.o
/usr/bin/cc    -o CMakeFiles/cmTC_d3756.dir/CMAKE_SIZEOF_UNSIGNED_SHORT.c.o   -c /home/huang/server_core/mobaserver/moba_server_core/include/snappy/CMakeFiles/CheckTypeSize/CMAKE_SIZEOF_UNSIGNED_SHORT.c
Linking C executable cmTC_d3756
/usr/local/bin/cmake -E cmake_link_script CMakeFiles/cmTC_d3756.dir/link.txt --verbose=1
/usr/bin/cc      -rdynamic CMakeFiles/cmTC_d3756.dir/CMAKE_SIZEOF_UNSIGNED_SHORT.c.o  -o cmTC_d3756 
gmake[1]: 离开目录“/home/huang/server_core/mobaserver/moba_server_core/include/snappy/CMakeFiles/CMakeTmp”


Determining if the system is big endian passed with the following output:
Change Dir: /home/huang/server_core/mobaserver/moba_server_core/include/snappy/CMakeFiles/CMakeTmp

Run Build Command:"/usr/bin/gmake" "cmTC_61c06/fast"
/usr/bin/gmake -f CMakeFiles/cmTC_61c06.dir/build.make CMakeFiles/cmTC_61c06.dir/build
gmake[1]: 进入目录“/home/huang/server_core/mobaserver/moba_server_core/include/snappy/CMakeFiles/CMakeTmp”
Building C object CMakeFiles/cmTC_61c06.dir/TestEndianess.c.o
/usr/bin/cc    -o CMakeFiles/cmTC_61c06.dir/TestEndianess.c.o   -c /home/huang/server_core/mobaserver/moba_server_core/include/snappy/CMakeFiles/CMakeTmp/TestEndianess.c
Linking C executable cmTC_61c06
/usr/local/bin/cmake -E cmake_link_script CMakeFiles/cmTC_61c06.dir/link.txt --verbose=1
/usr/bin/cc      -rdynamic CMakeFiles/cmTC_61c06.dir/TestEndianess.c.o  -o cmTC_61c06 
gmake[1]: 离开目录“/home/huang/server_core/mobaserver/moba_server_core/include/snappy/CMakeFiles/CMakeTmp”

TestEndianess.c:
/* A 16 bit integer is required. */
typedef unsigned short cmakeint16;

/* On a little endian machine, these 16bit ints will give "THIS IS LITTLE ENDIAN."
   On a big endian machine the characters will be exchanged pairwise. */
const cmakeint16 info_little[] =  {0x4854, 0x5349, 0x4920, 0x2053, 0x494c, 0x5454, 0x454c, 0x4520, 0x444e, 0x4149, 0x2e4e, 0x0000};

/* on a big endian machine, these 16bit ints will give "THIS IS BIG ENDIAN."
   On a little endian machine the characters will be exchanged pairwise. */
const cmakeint16 info_big[] =     {0x5448, 0x4953, 0x2049, 0x5320, 0x4249, 0x4720, 0x454e, 0x4449, 0x414e, 0x2e2e, 0x0000};

#ifdef __CLASSIC_C__
int main(argc, argv) int argc; char *argv[];
#else
int main(int argc, char *argv[])
#endif
{
  int require = 0;
  require += info_little[argc];
  require += info_big[argc];
  (void)argv;
  return require;
}


Determining if the include file byteswap.h exists passed with the following output:
Change Dir: /home/huang/server_core/mobaserver/moba_server_core/include/snappy/CMakeFiles/CMakeTmp

Run Build Command:"/usr/bin/gmake" "cmTC_64bc9/fast"
/usr/bin/gmake -f CMakeFiles/cmTC_64bc9.dir/build.make CMakeFiles/cmTC_64bc9.dir/build
gmake[1]: 进入目录“/home/huang/server_core/mobaserver/moba_server_core/include/snappy/CMakeFiles/CMakeTmp”
Building C object CMakeFiles/cmTC_64bc9.dir/CheckIncludeFile.c.o
/usr/bin/cc    -o CMakeFiles/cmTC_64bc9.dir/CheckIncludeFile.c.o   -c /home/huang/server_core/mobaserver/moba_server_core/include/snappy/CMakeFiles/CMakeTmp/CheckIncludeFile.c
Linking C executable cmTC_64bc9
/usr/local/bin/cmake -E cmake_link_script CMakeFiles/cmTC_64bc9.dir/link.txt --verbose=1
/usr/bin/cc      -rdynamic CMakeFiles/cmTC_64bc9.dir/CheckIncludeFile.c.o  -o cmTC_64bc9 
gmake[1]: 离开目录“/home/huang/server_core/mobaserver/moba_server_core/include/snappy/CMakeFiles/CMakeTmp”


Determining if the include file sys/mman.h exists passed with the following output:
Change Dir: /home/huang/server_core/mobaserver/moba_server_core/include/snappy/CMakeFiles/CMakeTmp

Run Build Command:"/usr/bin/gmake" "cmTC_8d619/fast"
/usr/bin/gmake -f CMakeFiles/cmTC_8d619.dir/build.make CMakeFiles/cmTC_8d619.dir/build
gmake[1]: 进入目录“/home/huang/server_core/mobaserver/moba_server_core/include/snappy/CMakeFiles/CMakeTmp”
Building C object CMakeFiles/cmTC_8d619.dir/CheckIncludeFile.c.o
/usr/bin/cc    -o CMakeFiles/cmTC_8d619.dir/CheckIncludeFile.c.o   -c /home/huang/server_core/mobaserver/moba_server_core/include/snappy/CMakeFiles/CMakeTmp/CheckIncludeFile.c
Linking C executable cmTC_8d619
/usr/local/bin/cmake -E cmake_link_script CMakeFiles/cmTC_8d619.dir/link.txt --verbose=1
/usr/bin/cc      -rdynamic CMakeFiles/cmTC_8d619.dir/CheckIncludeFile.c.o  -o cmTC_8d619 
gmake[1]: 离开目录“/home/huang/server_core/mobaserver/moba_server_core/include/snappy/CMakeFiles/CMakeTmp”


Determining if the include file sys/resource.h exists passed with the following output:
Change Dir: /home/huang/server_core/mobaserver/moba_server_core/include/snappy/CMakeFiles/CMakeTmp

Run Build Command:"/usr/bin/gmake" "cmTC_9ed5e/fast"
/usr/bin/gmake -f CMakeFiles/cmTC_9ed5e.dir/build.make CMakeFiles/cmTC_9ed5e.dir/build
gmake[1]: 进入目录“/home/huang/server_core/mobaserver/moba_server_core/include/snappy/CMakeFiles/CMakeTmp”
Building C object CMakeFiles/cmTC_9ed5e.dir/CheckIncludeFile.c.o
/usr/bin/cc    -o CMakeFiles/cmTC_9ed5e.dir/CheckIncludeFile.c.o   -c /home/huang/server_core/mobaserver/moba_server_core/include/snappy/CMakeFiles/CMakeTmp/CheckIncludeFile.c
Linking C executable cmTC_9ed5e
/usr/local/bin/cmake -E cmake_link_script CMakeFiles/cmTC_9ed5e.dir/link.txt --verbose=1
/usr/bin/cc      -rdynamic CMakeFiles/cmTC_9ed5e.dir/CheckIncludeFile.c.o  -o cmTC_9ed5e 
gmake[1]: 离开目录“/home/huang/server_core/mobaserver/moba_server_core/include/snappy/CMakeFiles/CMakeTmp”


Determining if the include file sys/time.h exists passed with the following output:
Change Dir: /home/huang/server_core/mobaserver/moba_server_core/include/snappy/CMakeFiles/CMakeTmp

Run Build Command:"/usr/bin/gmake" "cmTC_ed7ac/fast"
/usr/bin/gmake -f CMakeFiles/cmTC_ed7ac.dir/build.make CMakeFiles/cmTC_ed7ac.dir/build
gmake[1]: 进入目录“/home/huang/server_core/mobaserver/moba_server_core/include/snappy/CMakeFiles/CMakeTmp”
Building C object CMakeFiles/cmTC_ed7ac.dir/CheckIncludeFile.c.o
/usr/bin/cc    -o CMakeFiles/cmTC_ed7ac.dir/CheckIncludeFile.c.o   -c /home/huang/server_core/mobaserver/moba_server_core/include/snappy/CMakeFiles/CMakeTmp/CheckIncludeFile.c
Linking C executable cmTC_ed7ac
/usr/local/bin/cmake -E cmake_link_script CMakeFiles/cmTC_ed7ac.dir/link.txt --verbose=1
/usr/bin/cc      -rdynamic CMakeFiles/cmTC_ed7ac.dir/CheckIncludeFile.c.o  -o cmTC_ed7ac 
gmake[1]: 离开目录“/home/huang/server_core/mobaserver/moba_server_core/include/snappy/CMakeFiles/CMakeTmp”


Determining if the include file sys/uio.h exists passed with the following output:
Change Dir: /home/huang/server_core/mobaserver/moba_server_core/include/snappy/CMakeFiles/CMakeTmp

Run Build Command:"/usr/bin/gmake" "cmTC_24e5e/fast"
/usr/bin/gmake -f CMakeFiles/cmTC_24e5e.dir/build.make CMakeFiles/cmTC_24e5e.dir/build
gmake[1]: 进入目录“/home/huang/server_core/mobaserver/moba_server_core/include/snappy/CMakeFiles/CMakeTmp”
Building C object CMakeFiles/cmTC_24e5e.dir/CheckIncludeFile.c.o
/usr/bin/cc    -o CMakeFiles/cmTC_24e5e.dir/CheckIncludeFile.c.o   -c /home/huang/server_core/mobaserver/moba_server_core/include/snappy/CMakeFiles/CMakeTmp/CheckIncludeFile.c
Linking C executable cmTC_24e5e
/usr/local/bin/cmake -E cmake_link_script CMakeFiles/cmTC_24e5e.dir/link.txt --verbose=1
/usr/bin/cc      -rdynamic CMakeFiles/cmTC_24e5e.dir/CheckIncludeFile.c.o  -o cmTC_24e5e 
gmake[1]: 离开目录“/home/huang/server_core/mobaserver/moba_server_core/include/snappy/CMakeFiles/CMakeTmp”


Determining if the include file unistd.h exists passed with the following output:
Change Dir: /home/huang/server_core/mobaserver/moba_server_core/include/snappy/CMakeFiles/CMakeTmp

Run Build Command:"/usr/bin/gmake" "cmTC_418ff/fast"
/usr/bin/gmake -f CMakeFiles/cmTC_418ff.dir/build.make CMakeFiles/cmTC_418ff.dir/build
gmake[1]: 进入目录“/home/huang/server_core/mobaserver/moba_server_core/include/snappy/CMakeFiles/CMakeTmp”
Building C object CMakeFiles/cmTC_418ff.dir/CheckIncludeFile.c.o
/usr/bin/cc    -o CMakeFiles/cmTC_418ff.dir/CheckIncludeFile.c.o   -c /home/huang/server_core/mobaserver/moba_server_core/include/snappy/CMakeFiles/CMakeTmp/CheckIncludeFile.c
Linking C executable cmTC_418ff
/usr/local/bin/cmake -E cmake_link_script CMakeFiles/cmTC_418ff.dir/link.txt --verbose=1
/usr/bin/cc      -rdynamic CMakeFiles/cmTC_418ff.dir/CheckIncludeFile.c.o  -o cmTC_418ff 
gmake[1]: 离开目录“/home/huang/server_core/mobaserver/moba_server_core/include/snappy/CMakeFiles/CMakeTmp”


Performing C++ SOURCE FILE Test HAVE_CLANG_MAVX succeeded with the following output:
Change Dir: /home/huang/server_core/mobaserver/moba_server_core/include/snappy/CMakeFiles/CMakeTmp

Run Build Command:"/usr/bin/gmake" "cmTC_e06c2/fast"
/usr/bin/gmake -f CMakeFiles/cmTC_e06c2.dir/build.make CMakeFiles/cmTC_e06c2.dir/build
gmake[1]: Entering directory `/home/huang/server_core/mobaserver/moba_server_core/include/snappy/CMakeFiles/CMakeTmp'
Building CXX object CMakeFiles/cmTC_e06c2.dir/src.cxx.o
/usr/bin/c++    -DHAVE_CLANG_MAVX   -mavx -o CMakeFiles/cmTC_e06c2.dir/src.cxx.o -c /home/huang/server_core/mobaserver/moba_server_core/include/snappy/CMakeFiles/CMakeTmp/src.cxx
Linking CXX executable cmTC_e06c2
/usr/local/bin/cmake -E cmake_link_script CMakeFiles/cmTC_e06c2.dir/link.txt --verbose=1
/usr/bin/c++   -DHAVE_CLANG_MAVX    -rdynamic CMakeFiles/cmTC_e06c2.dir/src.cxx.o  -o cmTC_e06c2 
gmake[1]: Leaving directory `/home/huang/server_core/mobaserver/moba_server_core/include/snappy/CMakeFiles/CMakeTmp'

Source file was:
int main() { return 0; }
Performing C++ SOURCE FILE Test HAVE_BUILTIN_EXPECT succeeded with the following output:
Change Dir: /home/huang/server_core/mobaserver/moba_server_core/include/snappy/CMakeFiles/CMakeTmp

Run Build Command:"/usr/bin/gmake" "cmTC_f5f72/fast"
/usr/bin/gmake -f CMakeFiles/cmTC_f5f72.dir/build.make CMakeFiles/cmTC_f5f72.dir/build
gmake[1]: 进入目录“/home/huang/server_core/mobaserver/moba_server_core/include/snappy/CMakeFiles/CMakeTmp”
Building CXX object CMakeFiles/cmTC_f5f72.dir/src.cxx.o
/usr/bin/c++    -DHAVE_BUILTIN_EXPECT   -o CMakeFiles/cmTC_f5f72.dir/src.cxx.o -c /home/huang/server_core/mobaserver/moba_server_core/include/snappy/CMakeFiles/CMakeTmp/src.cxx
Linking CXX executable cmTC_f5f72
/usr/local/bin/cmake -E cmake_link_script CMakeFiles/cmTC_f5f72.dir/link.txt --verbose=1
/usr/bin/c++   -DHAVE_BUILTIN_EXPECT    -rdynamic CMakeFiles/cmTC_f5f72.dir/src.cxx.o  -o cmTC_f5f72 
gmake[1]: 离开目录“/home/huang/server_core/mobaserver/moba_server_core/include/snappy/CMakeFiles/CMakeTmp”

Source file was:

int main() {
  return __builtin_expect(0, 1);
}
Performing C++ SOURCE FILE Test HAVE_BUILTIN_CTZ succeeded with the following output:
Change Dir: /home/huang/server_core/mobaserver/moba_server_core/include/snappy/CMakeFiles/CMakeTmp

Run Build Command:"/usr/bin/gmake" "cmTC_f8caf/fast"
/usr/bin/gmake -f CMakeFiles/cmTC_f8caf.dir/build.make CMakeFiles/cmTC_f8caf.dir/build
gmake[1]: 进入目录“/home/huang/server_core/mobaserver/moba_server_core/include/snappy/CMakeFiles/CMakeTmp”
Building CXX object CMakeFiles/cmTC_f8caf.dir/src.cxx.o
/usr/bin/c++    -DHAVE_BUILTIN_CTZ   -o CMakeFiles/cmTC_f8caf.dir/src.cxx.o -c /home/huang/server_core/mobaserver/moba_server_core/include/snappy/CMakeFiles/CMakeTmp/src.cxx
Linking CXX executable cmTC_f8caf
/usr/local/bin/cmake -E cmake_link_script CMakeFiles/cmTC_f8caf.dir/link.txt --verbose=1
/usr/bin/c++   -DHAVE_BUILTIN_CTZ    -rdynamic CMakeFiles/cmTC_f8caf.dir/src.cxx.o  -o cmTC_f8caf 
gmake[1]: 离开目录“/home/huang/server_core/mobaserver/moba_server_core/include/snappy/CMakeFiles/CMakeTmp”

Source file was:

int main() {
  return __builtin_ctzll(0);
}
Determining if the mmap exist passed with the following output:
Change Dir: /home/huang/server_core/mobaserver/moba_server_core/include/snappy/CMakeFiles/CMakeTmp

Run Build Command:"/usr/bin/gmake" "cmTC_c8119/fast"
/usr/bin/gmake -f CMakeFiles/cmTC_c8119.dir/build.make CMakeFiles/cmTC_c8119.dir/build
gmake[1]: 进入目录“/home/huang/server_core/mobaserver/moba_server_core/include/snappy/CMakeFiles/CMakeTmp”
Building C object CMakeFiles/cmTC_c8119.dir/CheckSymbolExists.c.o
/usr/bin/cc    -o CMakeFiles/cmTC_c8119.dir/CheckSymbolExists.c.o   -c /home/huang/server_core/mobaserver/moba_server_core/include/snappy/CMakeFiles/CMakeTmp/CheckSymbolExists.c
Linking C executable cmTC_c8119
/usr/local/bin/cmake -E cmake_link_script CMakeFiles/cmTC_c8119.dir/link.txt --verbose=1
/usr/bin/cc      -rdynamic CMakeFiles/cmTC_c8119.dir/CheckSymbolExists.c.o  -o cmTC_c8119 
gmake[1]: 离开目录“/home/huang/server_core/mobaserver/moba_server_core/include/snappy/CMakeFiles/CMakeTmp”

File /home/huang/server_core/mobaserver/moba_server_core/include/snappy/CMakeFiles/CMakeTmp/CheckSymbolExists.c:
/* */
#include <sys/mman.h>

int main(int argc, char** argv)
{
  (void)argv;
#ifndef mmap
  return ((int*)(&mmap))[argc];
#else
  (void)argc;
  return 0;
#endif
}

Determining if the sysconf exist passed with the following output:
Change Dir: /home/huang/server_core/mobaserver/moba_server_core/include/snappy/CMakeFiles/CMakeTmp

Run Build Command:"/usr/bin/gmake" "cmTC_6c996/fast"
/usr/bin/gmake -f CMakeFiles/cmTC_6c996.dir/build.make CMakeFiles/cmTC_6c996.dir/build
gmake[1]: 进入目录“/home/huang/server_core/mobaserver/moba_server_core/include/snappy/CMakeFiles/CMakeTmp”
Building C object CMakeFiles/cmTC_6c996.dir/CheckSymbolExists.c.o
/usr/bin/cc    -o CMakeFiles/cmTC_6c996.dir/CheckSymbolExists.c.o   -c /home/huang/server_core/mobaserver/moba_server_core/include/snappy/CMakeFiles/CMakeTmp/CheckSymbolExists.c
Linking C executable cmTC_6c996
/usr/local/bin/cmake -E cmake_link_script CMakeFiles/cmTC_6c996.dir/link.txt --verbose=1
/usr/bin/cc      -rdynamic CMakeFiles/cmTC_6c996.dir/CheckSymbolExists.c.o  -o cmTC_6c996 
gmake[1]: 离开目录“/home/huang/server_core/mobaserver/moba_server_core/include/snappy/CMakeFiles/CMakeTmp”

File /home/huang/server_core/mobaserver/moba_server_core/include/snappy/CMakeFiles/CMakeTmp/CheckSymbolExists.c:
/* */
#include <unistd.h>

int main(int argc, char** argv)
{
  (void)argv;
#ifndef sysconf
  return ((int*)(&sysconf))[argc];
#else
  (void)argc;
  return 0;
#endif
}

